2025-05-22 13:15:58,938 - DEBUG - 
accentually_responding_syllables_of_lines_polystrophic:
	All double types at ordinal 3 in lines ['211-212', '226'].
2025-05-22 13:15:58,938 - DEBUG - 
accentually_responding_syllables_of_lines_polystrophic:
	All double types at ordinal 6 in lines ['211-212', '226'].
2025-05-22 13:15:58,938 - DEBUG - 
accentually_responding_syllables_of_lines_polystrophic:
	All double types at ordinal 9 in lines ['211-212', '226'].
2025-05-22 13:15:58,938 - DEBUG - 
accentually_responding_syllables_of_lines_polystrophic: 
	Mixed types at ordinal 18 in lines ['215-217', '230-233'].
2025-05-22 13:15:58,939 - DEBUG - 
accentually_responding_syllables_of_lines_polystrophic:
	All double types at ordinal 21 in lines ['215-217', '230-233'].
2025-05-22 13:15:58,939 - DEBUG - 
accentually_responding_syllables_of_lines_polystrophic:
	All double types at ordinal 24 in lines ['215-217', '230-233'].
2025-05-22 13:15:58,939 - DEBUG - 
accentually_responding_syllables_of_lines_polystrophic:
	All double types at ordinal 27 in lines ['215-217', '230-233'].
2025-05-22 13:15:58,939 - DEBUG - 
accentually_responding_syllables_of_lines_polystrophic:
	All double types at ordinal 30 in lines ['215-217', '230-233'].
2025-05-22 13:15:58,939 - DEBUG - 
accentually_responding_syllables_of_lines_polystrophic:
	All double types at ordinal 33 in lines ['215-217', '230-233'].
2025-05-22 13:15:58,939 - DEBUG - 
accentually_responding_syllables_of_lines_polystrophic: 
	Mixed types at ordinal 36 in lines ['215-217', '230-233'].
